#
# A fatal error has been detected by the Java Runtime Environment:
#
#  EXCEPTION_IN_PAGE_ERROR (0xc0000006) at pc=0x00007ffcd3a66cae, pid=14160, tid=3840
#
# JRE version: Java(TM) SE Runtime Environment (17.0.4.1+1) (build 17.0.4.1+1-LTS-2)
# Java VM: Java HotSpot(TM) 64-Bit Server VM (17.0.4.1+1-LTS-2, mixed mode, sharing, tiered, compressed oops, compressed class ptrs, g1 gc, windows-amd64)
# Problematic frame:
# V  [jvm.dll+0x256cae]
#
# No core dump will be written. Minidumps are not enabled by default on client versions of Windows
#
# If you would like to submit a bug report, please visit:
#   https://bugreport.java.com/bugreport/crash.jsp
#

---------------  S U M M A R Y ------------

Command Line: c:\Users\navin\.vscode\extensions\salesforce.salesforce-vscode-slds-1.4.8\lsp-0.0.13-executable.jar --PORT=60626

Host: 11th Gen Intel(R) Core(TM) i3-1115G4 @ 3.00GHz, 4 cores, 7G,  Windows 11 , 64 bit Build 22621 (10.0.22621.457)
Time: Wed Oct 12 10:43:38 2022 India Standard Time elapsed time: 145640.803345 seconds (1d 16h 27m 20s)

---------------  T H R E A D  ---------------

Current thread (0x00000159c611a720):  JavaThread "C2 CompilerThread0" daemon [_thread_in_vm, id=3840, stack(0x0000002b14e00000,0x0000002b14f00000)]


Current CompileTask:
C2:145640803 3776       4       java.lang.StackStreamFactory$StackFrameTraverser::tryAdvance (114 bytes)

Stack: [0x0000002b14e00000,0x0000002b14f00000],  sp=0x0000002b14efc240,  free space=1008k
Native frames: (J=compiled Java code, j=interpreted, Vv=VM code, C=native code)
V  [jvm.dll+0x256cae]
V  [jvm.dll+0x1caba0]
V  [jvm.dll+0x2a95f3]
V  [jvm.dll+0x2a8d3a]
V  [jvm.dll+0x68a865]
V  [jvm.dll+0x68281b]
V  [jvm.dll+0x681e57]
V  [jvm.dll+0x67fd52]
V  [jvm.dll+0x1a51cc]
V  [jvm.dll+0x1a5d96]
V  [jvm.dll+0x2a8fe4]
V  [jvm.dll+0x68a865]
V  [jvm.dll+0x68281b]
V  [jvm.dll+0x681e57]
V  [jvm.dll+0x67fd52]
V  [jvm.dll+0x1a51cc]
V  [jvm.dll+0x1a5d96]
V  [jvm.dll+0x2a8fe4]
V  [jvm.dll+0x68a865]
V  [jvm.dll+0x68281b]
V  [jvm.dll+0x681e57]
V  [jvm.dll+0x67fd52]
V  [jvm.dll+0x1a51cc]
V  [jvm.dll+0x1a5d96]
V  [jvm.dll+0x2a8fe4]
V  [jvm.dll+0x68a865]
V  [jvm.dll+0x68281b]
V  [jvm.dll+0x681e57]
V  [jvm.dll+0x67fd52]
V  [jvm.dll+0x1a51cc]
V  [jvm.dll+0x215188]
V  [jvm.dll+0x1a1fcd]
V  [jvm.dll+0x224e08]
V  [jvm.dll+0x222f75]
V  [jvm.dll+0x787a0b]
V  [jvm.dll+0x781fca]
V  [jvm.dll+0x671245]
C  [ucrtbase.dll+0x29363]
C  [KERNEL32.DLL+0x1244d]
C  [ntdll.dll+0x5df78]


siginfo: EXCEPTION_IN_PAGE_ERROR (0xc0000006), writing address 0x00000159a8292398


Register to memory mapping:

RIP=0x00007ffcd3a66cae jvm.dll
RAX=0x00000159c60f0c10 points into unknown readable memory: 0x00007ffcd415a6a0 | a0 a6 15 d4 fc 7f 00 00
RBX=0x0000000800dc77e8 is a pointer to class: 
java.lang.StackStreamFactory$StackFrameTraverser {0x0000000800dc77f0}
 - instance size:     7
 - klass size:        88
 - access:            synchronized 
 - state:             fully_initialized
 - name:              'java/lang/StackStreamFactory$StackFrameTraverser'
 - super:             'java/lang/StackStreamFactory$AbstractStackWalker'
 - sub:               
 - arrays:            NULL
 - methods:           Array<T>(0x00000159ca921688)
 - method ordering:   Array<T>(0x00000008008f2760)
 - default_methods:   Array<T>(0x00000159ca9220c0)
 - default vtable indices:   Array<T>(0x00000159ca9220e0)
 - local interfaces:  Array<T>(0x00000159ca921658)
 - trans. interfaces: Array<T>(0x00000159ca921658)
 - constants:         constant pool [220] {0x00000159ca920e90} for 'java/lang/StackStreamFactory$StackFrameTraverser' cache=0x00000159ca9220f0
 - class loader data:  loader data: 0x00000159c5fc8290 of 'bootstrap'
 - source file:       'StackStreamFactory.java'
 - class annotations:       Array<T>(0x0000000000000000)
 - class type annotations:  Array<T>(0x0000000000000000)
 - field annotations:       Array<T>(0x0000000000000000)
 - field type annotations:  Array<T>(0x0000000000000000)
 - generic signature: '<T:Ljava/lang/Object;>Ljava/lang/StackStreamFactory$AbstractStackWalker<TT;Ljava/lang/StackFrameInfo;>;Ljava/util/Spliterator<Ljava/lang/StackWalker$StackFrame;>;'
 - inner classes:     Array<T>(0x00000159ca922080)
 - nest members:     Array<T>(0x00000008005cfb70)
 - permitted subclasses:     Array<T>(0x00000008005cfb70)
 - java mirror:       a 'java/lang/Class'{0x000000008c102e40} = 'java/lang/StackStreamFactory$StackFrameTraverser'
 - vtable length      18  (start addr: 0x0000000800dc79b0)
 - itable length      12 (start addr: 0x0000000800dc7a40)
 - ---- static fields (1 words):
 - private static final 'CHARACTERISTICS' 'I' @112 
 - ---- non-static fields (10 words):
 - protected final 'maxDepth' 'I' @12 
 - protected final 'mode' 'J' @16 
 - protected 'anchor' 'J' @24 
 - protected 'depth' 'I' @32 
 - protected final 'walker' 'Ljava/lang/StackWalker;' @36 
 - protected final 'thread' 'Ljava/lang/Thread;' @40 
 - protected 'frameBuffer' 'Ljava/lang/StackStreamFactory$FrameBuffer;' @44 
 - final 'function' 'Ljava/util/function/Function;' @48 
 - non-static oop maps: 36-48 
RCX=0x00000159a8292398 is an unknown value
RDX=0x00000008000d6590 is a pointer to class: 
java.lang.StackStreamFactory$AbstractStackWalker {0x00000008000d6598}
 - instance size:     6
 - klass size:        69
 - access:            synchronized abstract 
 - state:             fully_initialized
 - name:              'java/lang/StackStreamFactory$AbstractStackWalker'
 - super:             'java/lang/Object'
 - sub:               'java/lang/StackStreamFactory$StackFrameTraverser'   
 - arrays:            NULL
 - methods:           Array<T>(0x00000008006c3460)
 - method ordering:   Array<T>(0x00000008006c3e80)
 - default_methods:   Array<T>(0x0000000000000000)
 - local interfaces:  Array<T>(0x00000008005cfbe0)
 - trans. interfaces: Array<T>(0x00000008005cfbe0)
 - constants:         constant pool [306] {0x00000008006c2928} for 'java/lang/StackStreamFactory$AbstractStackWalker' cache=0x00000008000d6950
 - class loader data:  loader data: 0x00000159c5fc8290 of 'bootstrap'
 - source file:       'StackStreamFactory.java'
 - class annotations:       Array<T>(0x0000000000000000)
 - class type annotations:  Array<T>(0x0000000000000000)
 - field annotations:       Array<T>(0x0000000000000000)
 - field type annotations:  Array<T>(0x0000000000000000)
 - generic signature: '<R:Ljava/lang/Object;T:Ljava/lang/Object;>Ljava/lang/Object;'
 - inner classes:     Array<T>(0x00000008006c3428)
 - nest members:     Array<T>(0x00000008005cfb70)
 - permitted subclasses:     Array<T>(0x00000008005cfb70)
 - java mirror:       a 'java/lang/Class'{0x0000000084de6cf8} = 'java/lang/StackStreamFactory$AbstractStackWalker'
 - vtable length      9  (start addr: 0x00000008000d6758)
 - itable length      2 (start addr: 0x00000008000d67a0)
 - ---- static fields (0 words):
 - ---- non-static fields (9 words):
 - protected final 'maxDepth' 'I' @12 
 - protected final 'mode' 'J' @16 
 - protected 'anchor' 'J' @24 
 - protected 'depth' 'I' @32 
 - protected final 'walker' 'Ljava/lang/StackWalker;' @36 
 - protected final 'thread' 'Ljava/lang/Thread;' @40 
 - protected 'frameBuffer' 'Ljava/lang/StackStreamFactory$FrameBuffer;' @44 
 - non-static oop maps: 36-44 
RSP=0x0000002b14efc240 is pointing into the stack for thread: 0x00000159c611a720
RBP=0x00000008000d6590 is a pointer to class: 
java.lang.StackStreamFactory$AbstractStackWalker {0x00000008000d6598}
 - instance size:     6
 - klass size:        69
 - access:            synchronized abstract 
 - state:             fully_initialized
 - name:              'java/lang/StackStreamFactory$AbstractStackWalker'
 - super:             'java/lang/Object'
 - sub:               'java/lang/StackStreamFactory$StackFrameTraverser'   
 - arrays:            NULL
 - methods:           Array<T>(0x00000008006c3460)
 - method ordering:   Array<T>(0x00000008006c3e80)
 - default_methods:   Array<T>(0x0000000000000000)
 - local interfaces:  Array<T>(0x00000008005cfbe0)
 - trans. interfaces: Array<T>(0x00000008005cfbe0)
 - constants:         constant pool [306] {0x00000008006c2928} for 'java/lang/StackStreamFactory$AbstractStackWalker' cache=0x00000008000d6950
 - class loader data:  loader data: 0x00000159c5fc8290 of 'bootstrap'
 - source file:       'StackStreamFactory.java'
 - class annotations:       Array<T>(0x0000000000000000)
 - class type annotations:  Array<T>(0x0000000000000000)
 - field annotations:       Array<T>(0x0000000000000000)
 - field type annotations:  Array<T>(0x0000000000000000)
 - generic signature: '<R:Ljava/lang/Object;T:Ljava/lang/Object;>Ljava/lang/Object;'
 - inner classes:     Array<T>(0x00000008006c3428)
 - nest members:     Array<T>(0x00000008005cfb70)
 - permitted subclasses:     Array<T>(0x00000008005cfb70)
 - java mirror:       a 'java/lang/Class'{0x0000000084de6cf8} = 'java/lang/StackStreamFactory$AbstractStackWalker'
 - vtable length      9  (start addr: 0x00000008000d6758)
 - itable length      2 (start addr: 0x00000008000d67a0)
 - ---- static fields (0 words):
 - ---- non-static fields (9 words):
 - protected final 'maxDepth' 'I' @12 
 - protected final 'mode' 'J' @16 
 - protected 'anchor' 'J' @24 
 - protected 'depth' 'I' @32 
 - protected final 'walker' 'Ljava/lang/StackWalker;' @36 
 - protected final 'thread' 'Ljava/lang/Thread;' @40 
 - protected 'frameBuffer' 'Ljava/lang/StackStreamFactory$FrameBuffer;' @44 
 - non-static oop maps: 36-44 
RSI={method} {0x00000008000d71c0} 'getNextBatchSize' '()I' in 'java/lang/StackStreamFactory$AbstractStackWalker'
RDI={method} {0x00000008000d71c0} 'getNextBatchSize' '()I' in 'java/lang/StackStreamFactory$AbstractStackWalker'
R8 ={method} {0x00000008000d71c0} 'getNextBatchSize' '()I' in 'java/lang/StackStreamFactory$AbstractStackWalker'
R9 =0x00000008000d6590 is a pointer to class: 
java.lang.StackStreamFactory$AbstractStackWalker {0x00000008000d6598}
 - instance size:     6
 - klass size:        69
 - access:            synchronized abstract 
 - state:             fully_initialized
 - name:              'java/lang/StackStreamFactory$AbstractStackWalker'
 - super:             'java/lang/Object'
 - sub:               'java/lang/StackStreamFactory$StackFrameTraverser'   
 - arrays:            NULL
 - methods:           Array<T>(0x00000008006c3460)
 - method ordering:   Array<T>(0x00000008006c3e80)
 - default_methods:   Array<T>(0x0000000000000000)
 - local interfaces:  Array<T>(0x00000008005cfbe0)
 - trans. interfaces: Array<T>(0x00000008005cfbe0)
 - constants:         constant pool [306] {0x00000008006c2928} for 'java/lang/StackStreamFactory$AbstractStackWalker' cache=0x00000008000d6950
 - class loader data:  loader data: 0x00000159c5fc8290 of 'bootstrap'
 - source file:       'StackStreamFactory.java'
 - class annotations:       Array<T>(0x0000000000000000)
 - class type annotations:  Array<T>(0x0000000000000000)
 - field annotations:       Array<T>(0x0000000000000000)
 - field type annotations:  Array<T>(0x0000000000000000)
 - generic signature: '<R:Ljava/lang/Object;T:Ljava/lang/Object;>Ljava/lang/Object;'
 - inner classes:     Array<T>(0x00000008006c3428)
 - nest members:     Array<T>(0x00000008005cfb70)
 - permitted subclasses:     Array<T>(0x00000008005cfb70)
 - java mirror:       a 'java/lang/Class'{0x0000000084de6cf8} = 'java/lang/StackStreamFactory$AbstractStackWalker'
 - vtable length      9  (start addr: 0x00000008000d6758)
 - itable length      2 (start addr: 0x00000008000d67a0)
 - ---- static fields (0 words):
 - ---- non-static fields (9 words):
 - protected final 'maxDepth' 'I' @12 
 - protected final 'mode' 'J' @16 
 - protected 'anchor' 'J' @24 
 - protected 'depth' 'I' @32 
 - protected final 'walker' 'Ljava/lang/StackWalker;' @36 
 - protected final 'thread' 'Ljava/lang/Thread;' @40 
 - protected 'frameBuffer' 'Ljava/lang/StackStreamFactory$FrameBuffer;' @44 
 - non-static oop maps: 36-44 
R10=0x00000159c61124c0 points into unknown readable memory: 0x0000001e00000001 | 01 00 00 00 1e 00 00 00
R11=0x0000002b14efc2d0 is pointing into the stack for thread: 0x00000159c611a720
R12=0x0000002b14efc4d0 is pointing into the stack for thread: 0x00000159c611a720
R13=0x0000002b14efc440 is pointing into the stack for thread: 0x00000159c611a720
R14=0x0000000800dc788c is pointing into metadata
R15=0x00000159c613c2e0 points into unknown readable memory: 0x00007ffcd40def90 | 90 ef 0d d4 fc 7f 00 00


Registers:
RAX=0x00000159c60f0c10, RBX=0x0000000800dc77e8, RCX=0x00000159a8292398, RDX=0x00000008000d6590
RSP=0x0000002b14efc240, RBP=0x00000008000d6590, RSI=0x00000008000d71b8, RDI=0x00000008000d71b8
R8 =0x00000008000d71b8, R9 =0x00000008000d6590, R10=0x00000159c61124c0, R11=0x0000002b14efc2d0
R12=0x0000002b14efc4d0, R13=0x0000002b14efc440, R14=0x0000000800dc788c, R15=0x00000159c613c2e0
RIP=0x00007ffcd3a66cae, EFLAGS=0x0000000000010202

Top of Stack: (sp=0x0000002b14efc240)
0x0000002b14efc240:   0000000800dc77e8 00000008000d71b8
0x0000002b14efc250:   0000000800dc77e8 00000159c6ef1270
0x0000002b14efc260:   00007ffcd40f5f38 00007ffc00000001
0x0000002b14efc270:   0000000000000000 0000000000000000
0x0000002b14efc280:   0000000000000000 0000000000000000
0x0000002b14efc290:   0000015900000000 00000008000d6590
0x0000002b14efc2a0:   00000008000d6590 0000000000000007
0x0000002b14efc2b0:   0000000000000000 0000000000000000
0x0000002b14efc2c0:   0000000000000000 0000000000000000
0x0000002b14efc2d0:   00000159c7e101b0 00000159c6ef1270
0x0000002b14efc2e0:   00000159c611a720 00007ffcd39daba0
0x0000002b14efc2f0:   00000159a8aa9210 00000159c6ef1270
0x0000002b14efc300:   00000159c6ef1270 00000159c611a720
0x0000002b14efc310:   0000000000000001 0000002b14eff4c0
0x0000002b14efc320:   0000002b14efc3f0 0000000000000000
0x0000002b14efc330:   0000000000000000 00000159c5fa55e0 

Instructions: (pc=0x00007ffcd3a66cae)
0x00007ffcd3a66bae:   48 85 db 74 cc f6 47 28 01 75 2b 8b 47 28 c1 e8
0x00007ffcd3a66bbe:   02 a8 01 75 21 48 8b 4b 08 48 8b 51 08 48 8b 4f
0x00007ffcd3a66bce:   08 48 8b 52 18 4c 8b 41 08 49 8b 48 18 e8 d0 5a
0x00007ffcd3a66bde:   11 00 84 c0 74 9b 48 8b c3 eb 98 cc cc cc cc cc
0x00007ffcd3a66bee:   cc cc 48 89 5c 24 08 48 89 6c 24 18 56 57 41 56
0x00007ffcd3a66bfe:   48 81 ec 90 00 00 00 f6 42 2a 01 49 8b f1 49 8b
0x00007ffcd3a66c0e:   e8 48 8b fa 48 8b d9 0f 85 66 01 00 00 41 80 b8
0x00007ffcd3a66c1e:   33 01 00 00 02 0f 82 53 01 00 00 49 8b 41 08 48
0x00007ffcd3a66c2e:   8b 48 08 48 8b 41 18 80 b8 33 01 00 00 02 0f 82
0x00007ffcd3a66c3e:   3a 01 00 00 49 8b c9 e8 d6 bf 3c 00 84 c0 0f 85
0x00007ffcd3a66c4e:   2a 01 00 00 45 33 c9 48 8d 4c 24 20 4c 8b c6 48
0x00007ffcd3a66c5e:   8b d5 e8 0b db ff ff 4c 8d b3 a4 00 00 00 c7 44
0x00007ffcd3a66c6e:   24 28 01 00 00 00 41 8b 06 c1 e8 09 a8 01 74 1c
0x00007ffcd3a66c7e:   48 8b cb e8 ea 7d 11 00 85 c0 74 43 83 f8 01 75
0x00007ffcd3a66c8e:   35 48 8b cb e8 39 51 11 00 48 8b d8 80 3d 9b ec
0x00007ffcd3a66c9e:   82 00 00 74 0e 48 8b 05 36 bc 88 00 48 8b 48 28
0x00007ffcd3a66cae:   48 ff 01 48 8b 44 24 20 48 8d 4c 24 20 48 8b d3
0x00007ffcd3a66cbe:   ff 50 08 48 8b d8 48 85 db 0f 85 b4 00 00 00 48
0x00007ffcd3a66cce:   8b 0d 84 b3 8c 00 33 f6 39 74 24 50 48 8b 5c 24
0x00007ffcd3a66cde:   70 48 0f 47 74 24 30 e8 26 b7 54 00 48 3b d8 74
0x00007ffcd3a66cee:   4e 48 8b 0d 6a b3 8c 00 e8 15 b7 54 00 48 3b d8
0x00007ffcd3a66cfe:   74 3d 48 85 db 74 38 8b 4b 28 8b c1 c1 e8 03 a8
0x00007ffcd3a66d0e:   01 75 2c c1 e9 0a f6 c1 01 75 24 48 8b 43 08 0f
0x00007ffcd3a66d1e:   b6 48 1c c0 e9 06 f6 c1 01 74 16 48 85 f6 74 11
0x00007ffcd3a66d2e:   8b 86 a4 00 00 00 c1 e8 0a f6 d0 24 01 75 02 33
0x00007ffcd3a66d3e:   db 8b 4f 28 8b c1 c1 e8 03 a8 01 75 2c c1 e9 0a
0x00007ffcd3a66d4e:   f6 c1 01 75 24 48 8b 47 08 0f b6 48 1c c0 e9 06
0x00007ffcd3a66d5e:   f6 c1 01 74 0d 41 8b 0e c1 e9 0a f6 d1 80 e1 01
0x00007ffcd3a66d6e:   74 07 48 85 f6 48 0f 44 df 48 8b c3 eb 07 48 8b
0x00007ffcd3a66d7e:   c7 eb 02 33 c0 4c 8d 9c 24 90 00 00 00 49 8b 5b
0x00007ffcd3a66d8e:   20 49 8b 6b 30 49 8b e3 41 5e 5f 5e c3 cc cc cc
0x00007ffcd3a66d9e:   cc cc 4c 8b dc 49 89 5b 08 57 48 81 ec 90 00 00 


Stack slot to memory mapping:
stack at sp + 0 slots: 0x0000000800dc77e8 is a pointer to class: 
java.lang.StackStreamFactory$StackFrameTraverser {0x0000000800dc77f0}
 - instance size:     7
 - klass size:        88
 - access:            synchronized 
 - state:             fully_initialized
 - name:              'java/lang/StackStreamFactory$StackFrameTraverser'
 - super:             'java/lang/StackStreamFactory$AbstractStackWalker'
 - sub:               
 - arrays:            NULL
 - methods:           Array<T>(0x00000159ca921688)
 - method ordering:   Array<T>(0x00000008008f2760)
 - default_methods:   Array<T>(0x00000159ca9220c0)
 - default vtable indices:   Array<T>(0x00000159ca9220e0)
 - local interfaces:  Array<T>(0x00000159ca921658)
 - trans. interfaces: Array<T>(0x00000159ca921658)
 - constants:         constant pool [220] {0x00000159ca920e90} for 'java/lang/StackStreamFactory$StackFrameTraverser' cache=0x00000159ca9220f0
 - class loader data:  loader data: 0x00000159c5fc8290 of 'bootstrap'
 - source file:       'StackStreamFactory.java'
 - class annotations:       Array<T>(0x0000000000000000)
 - class type annotations:  Array<T>(0x0000000000000000)
 - field annotations:       Array<T>(0x0000000000000000)
 - field type annotations:  Array<T>(0x0000000000000000)
 - generic signature: '<T:Ljava/lang/Object;>Ljava/lang/StackStreamFactory$AbstractStackWalker<TT;Ljava/lang/StackFrameInfo;>;Ljava/util/Spliterator<Ljava/lang/StackWalker$StackFrame;>;'
 - inner classes:     Array<T>(0x00000159ca922080)
 - nest members:     Array<T>(0x00000008005cfb70)
 - permitted subclasses:     Array<T>(0x00000008005cfb70)
 - java mirror:       a 'java/lang/Class'{0x000000008c102e40} = 'java/lang/StackStreamFactory$StackFrameTraverser'
 - vtable length      18  (start addr: 0x0000000800dc79b0)
 - itable length      12 (start addr: 0x0000000800dc7a40)
 - ---- static fields (1 words):
 - private static final 'CHARACTERISTICS' 'I' @112 
 - ---- non-static fields (10 words):
 - protected final 'maxDepth' 'I' @12 
 - protected final 'mode' 'J' @16 
 - protected 'anchor' 'J' @24 
 - protected 'depth' 'I' @32 
 - protected final 'walker' 'Ljava/lang/StackWalker;' @36 
 - protected final 'thread' 'Ljava/lang/Thread;' @40 
 - protected 'frameBuffer' 'Ljava/lang/StackStreamFactory$FrameBuffer;' @44 
 - final 'function' 'Ljava/util/function/Function;' @48 
 - non-static oop maps: 36-48 
stack at sp + 1 slots: {method} {0x00000008000d71c0} 'getNextBatchSize' '()I' in 'java/lang/StackStreamFactory$AbstractStackWalker'
stack at sp + 2 slots: 0x0000000800dc77e8 is a pointer to class: 
java.lang.StackStreamFactory$StackFrameTraverser {0x0000000800dc77f0}
 - instance size:     7
 - klass size:        88
 - access:            synchronized 
 - state:             fully_initialized
 - name:              'java/lang/StackStreamFactory$StackFrameTraverser'
 - super:             'java/lang/StackStreamFactory$AbstractStackWalker'
 - sub:               
 - arrays:            NULL
 - methods:           Array<T>(0x00000159ca921688)
 - method ordering:   Array<T>(0x00000008008f2760)
 - default_methods:   Array<T>(0x00000159ca9220c0)
 - default vtable indices:   Array<T>(0x00000159ca9220e0)
 - local interfaces:  Array<T>(0x00000159ca921658)
 - trans. interfaces: Array<T>(0x00000159ca921658)
 - constants:         constant pool [220] {0x00000159ca920e90} for 'java/lang/StackStreamFactory$StackFrameTraverser' cache=0x00000159ca9220f0
 - class loader data:  loader data: 0x00000159c5fc8290 of 'bootstrap'
 - source file:       'StackStreamFactory.java'
 - class annotations:       Array<T>(0x0000000000000000)
 - class type annotations:  Array<T>(0x0000000000000000)
 - field annotations:       Array<T>(0x0000000000000000)
 - field type annotations:  Array<T>(0x0000000000000000)
 - generic signature: '<T:Ljava/lang/Object;>Ljava/lang/StackStreamFactory$AbstractStackWalker<TT;Ljava/lang/StackFrameInfo;>;Ljava/util/Spliterator<Ljava/lang/StackWalker$StackFrame;>;'
 - inner classes:     Array<T>(0x00000159ca922080)
 - nest members:     Array<T>(0x00000008005cfb70)
 - permitted subclasses:     Array<T>(0x00000008005cfb70)
 - java mirror:       a 'java/lang/Class'{0x000000008c102e40} = 'java/lang/StackStreamFactory$StackFrameTraverser'
 - vtable length      18  (start addr: 0x0000000800dc79b0)
 - itable length      12 (start addr: 0x0000000800dc7a40)
 - ---- static fields (1 words):
 - private static final 'CHARACTERISTICS' 'I' @112 
 - ---- non-static fields (10 words):
 - protected final 'maxDepth' 'I' @12 
 - protected final 'mode' 'J' @16 
 - protected 'anchor' 'J' @24 
 - protected 'depth' 'I' @32 
 - protected final 'walker' 'Ljava/lang/StackWalker;' @36 
 - protected final 'thread' 'Ljava/lang/Thread;' @40 
 - protected 'frameBuffer' 'Ljava/lang/StackStreamFactory$FrameBuffer;' @44 
 - final 'function' 'Ljava/util/function/Function;' @48 
 - non-static oop maps: 36-48 
stack at sp + 3 slots: 0x00000159c6ef1270 points into unknown readable memory: 0x00007ffcd40df388 | 88 f3 0d d4 fc 7f 00 00
stack at sp + 4 slots: 0x00007ffcd40f5f38 jvm.dll
stack at sp + 5 slots: 0x00007ffc00000001 is an unknown value
stack at sp + 6 slots: 0x0 is NULL
stack at sp + 7 slots: 0x0 is NULL


---------------  P R O C E S S  ---------------

Threads class SMR info:
_java_thread_list=0x00000159c8025860, length=13, elements={
0x00000159c6101d10, 0x00000159c6102940, 0x00000159c6116150, 0x00000159c6116a10,
0x00000159c61173c0, 0x00000159c6118980, 0x00000159c611a720, 0x00000159c6127630,
0x00000159c6128f40, 0x00000159c6ccb120, 0x00000159c6cdb630, 0x00000159c86090f0,
0x00000159a8aab650
}

Java Threads: ( => current thread )
  0x00000159c6101d10 JavaThread "Reference Handler" daemon [_thread_blocked, id=14484, stack(0x0000002b14800000,0x0000002b14900000)]
  0x00000159c6102940 JavaThread "Finalizer" daemon [_thread_blocked, id=2248, stack(0x0000002b14900000,0x0000002b14a00000)]
  0x00000159c6116150 JavaThread "Signal Dispatcher" daemon [_thread_blocked, id=18244, stack(0x0000002b14a00000,0x0000002b14b00000)]
  0x00000159c6116a10 JavaThread "Attach Listener" daemon [_thread_blocked, id=18392, stack(0x0000002b14b00000,0x0000002b14c00000)]
  0x00000159c61173c0 JavaThread "Service Thread" daemon [_thread_blocked, id=19852, stack(0x0000002b14c00000,0x0000002b14d00000)]
  0x00000159c6118980 JavaThread "Monitor Deflation Thread" daemon [_thread_blocked, id=7012, stack(0x0000002b14d00000,0x0000002b14e00000)]
=>0x00000159c611a720 JavaThread "C2 CompilerThread0" daemon [_thread_in_vm, id=3840, stack(0x0000002b14e00000,0x0000002b14f00000)]
  0x00000159c6127630 JavaThread "C1 CompilerThread0" daemon [_thread_blocked, id=17956, stack(0x0000002b14f00000,0x0000002b15000000)]
  0x00000159c6128f40 JavaThread "Sweeper thread" daemon [_thread_blocked, id=6524, stack(0x0000002b15000000,0x0000002b15100000)]
  0x00000159c6ccb120 JavaThread "Notification Thread" daemon [_thread_blocked, id=20004, stack(0x0000002b15100000,0x0000002b15200000)]
  0x00000159c6cdb630 JavaThread "Common-Cleaner" daemon [_thread_blocked, id=19112, stack(0x0000002b15300000,0x0000002b15400000)]
  0x00000159c86090f0 JavaThread "pool-1-thread-1" [_thread_in_native, id=5024, stack(0x0000002b15400000,0x0000002b15500000)]
  0x00000159a8aab650 JavaThread "DestroyJavaVM" [_thread_blocked, id=4844, stack(0x0000002b14100000,0x0000002b14200000)]

Other Threads:
  0x00000159c60fc370 VMThread "VM Thread" [stack: 0x0000002b14700000,0x0000002b14800000] [id=14624]
  0x00000159a8b27900 WatcherThread [stack: 0x0000002b15200000,0x0000002b15300000] [id=20272]
  0x00000159a8b04060 GCTaskThread "GC Thread#0" [stack: 0x0000002b14200000,0x0000002b14300000] [id=8040]
  0x00000159c7043810 GCTaskThread "GC Thread#1" [stack: 0x0000002b15500000,0x0000002b15600000] [id=13128]
  0x00000159c7034240 GCTaskThread "GC Thread#2" [stack: 0x0000002b15600000,0x0000002b15700000] [id=17856]
  0x00000159c7085540 GCTaskThread "GC Thread#3" [stack: 0x0000002b15700000,0x0000002b15800000] [id=9876]
  0x00000159a8b14f20 ConcurrentGCThread "G1 Main Marker" [stack: 0x0000002b14300000,0x0000002b14400000] [id=2156]
  0x00000159a8b15930 ConcurrentGCThread "G1 Conc#0" [stack: 0x0000002b14400000,0x0000002b14500000] [id=15184]
  0x00000159a8b7dbe0 ConcurrentGCThread "G1 Refine#0" [stack: 0x0000002b14500000,0x0000002b14600000] [id=11680]
  0x00000159a8b7e3a0 ConcurrentGCThread "G1 Service" [stack: 0x0000002b14600000,0x0000002b14700000] [id=7956]

Threads with active compile tasks:
C2 CompilerThread0  145640858 3776       4       java.lang.StackStreamFactory$StackFrameTraverser::tryAdvance (114 bytes)

VM state: not at safepoint (normal execution)

VM Mutex/Monitor currently owned by a thread:  ([mutex/lock_event])
[0x00000159a8aa9210] Compile_lock - owner thread: 0x00000159c611a720

Heap address: 0x0000000084c00000, size: 1972 MB, Compressed Oops mode: 32-bit

CDS archive(s) mapped at: [0x0000000800000000-0x0000000800bc0000-0x0000000800bc0000), size 12320768, SharedBaseAddress: 0x0000000800000000, ArchiveRelocationMode: 0.
Compressed class space mapped at: 0x0000000800c00000-0x0000000840c00000, reserved size: 1073741824
Narrow klass base: 0x0000000800000000, Narrow klass shift: 0, Narrow klass range: 0x100000000

GC Precious Log:
 CPUs: 4 total, 4 available
 Memory: 7886M
 Large Page Support: Disabled
 NUMA Support: Disabled
 Compressed Oops: Enabled (32-bit)
 Heap Region Size: 1M
 Heap Min Capacity: 8M
 Heap Initial Capacity: 124M
 Heap Max Capacity: 1972M
 Pre-touch: Disabled
 Parallel Workers: 4
 Concurrent Workers: 1
 Concurrent Refinement Workers: 4
 Periodic GC: Disabled

Heap:
 garbage-first heap   total 126976K, used 21145K [0x0000000084c00000, 0x0000000100000000)
  region size 1024K, 20 young (20480K), 8 survivors (8192K)
 Metaspace       used 19944K, committed 20160K, reserved 1073152K
  class space    used 2339K, committed 2432K, reserved 1048576K

Heap Regions: E=young(eden), S=young(survivor), O=old, HS=humongous(starts), HC=humongous(continues), CS=collection set, F=free, OA=open archive, CA=closed archive, TAMS=top-at-mark-start (previous, next)
|   0|0x0000000084c00000, 0x0000000084d00000, 0x0000000084d00000|100%| O|  |TAMS 0x0000000084c00000, 0x0000000084c00000| Untracked 
|   1|0x0000000084d00000, 0x0000000084dee200, 0x0000000084e00000| 93%| O|  |TAMS 0x0000000084d00000, 0x0000000084d00000| Untracked 
|   2|0x0000000084e00000, 0x0000000084e00000, 0x0000000084f00000|  0%| F|  |TAMS 0x0000000084e00000, 0x0000000084e00000| Untracked 
|   3|0x0000000084f00000, 0x0000000084f00000, 0x0000000085000000|  0%| F|  |TAMS 0x0000000084f00000, 0x0000000084f00000| Untracked 
|   4|0x0000000085000000, 0x0000000085000000, 0x0000000085100000|  0%| F|  |TAMS 0x0000000085000000, 0x0000000085000000| Untracked 
|   5|0x0000000085100000, 0x0000000085100000, 0x0000000085200000|  0%| F|  |TAMS 0x0000000085100000, 0x0000000085100000| Untracked 
|   6|0x0000000085200000, 0x0000000085200000, 0x0000000085300000|  0%| F|  |TAMS 0x0000000085200000, 0x0000000085200000| Untracked 
|   7|0x0000000085300000, 0x0000000085300000, 0x0000000085400000|  0%| F|  |TAMS 0x0000000085300000, 0x0000000085300000| Untracked 
|   8|0x0000000085400000, 0x0000000085400000, 0x0000000085500000|  0%| F|  |TAMS 0x0000000085400000, 0x0000000085400000| Untracked 
|   9|0x0000000085500000, 0x0000000085500000, 0x0000000085600000|  0%| F|  |TAMS 0x0000000085500000, 0x0000000085500000| Untracked 
|  10|0x0000000085600000, 0x0000000085600000, 0x0000000085700000|  0%| F|  |TAMS 0x0000000085600000, 0x0000000085600000| Untracked 
|  11|0x0000000085700000, 0x0000000085700000, 0x0000000085800000|  0%| F|  |TAMS 0x0000000085700000, 0x0000000085700000| Untracked 
|  12|0x0000000085800000, 0x0000000085800000, 0x0000000085900000|  0%| F|  |TAMS 0x0000000085800000, 0x0000000085800000| Untracked 
|  13|0x0000000085900000, 0x0000000085900000, 0x0000000085a00000|  0%| F|  |TAMS 0x0000000085900000, 0x0000000085900000| Untracked 
|  14|0x0000000085a00000, 0x0000000085a00000, 0x0000000085b00000|  0%| F|  |TAMS 0x0000000085a00000, 0x0000000085a00000| Untracked 
|  15|0x0000000085b00000, 0x0000000085b00000, 0x0000000085c00000|  0%| F|  |TAMS 0x0000000085b00000, 0x0000000085b00000| Untracked 
|  16|0x0000000085c00000, 0x0000000085c00000, 0x0000000085d00000|  0%| F|  |TAMS 0x0000000085c00000, 0x0000000085c00000| Untracked 
|  17|0x0000000085d00000, 0x0000000085d00000, 0x0000000085e00000|  0%| F|  |TAMS 0x0000000085d00000, 0x0000000085d00000| Untracked 
|  18|0x0000000085e00000, 0x0000000085e00000, 0x0000000085f00000|  0%| F|  |TAMS 0x0000000085e00000, 0x0000000085e00000| Untracked 
|  19|0x0000000085f00000, 0x0000000085f00000, 0x0000000086000000|  0%| F|  |TAMS 0x0000000085f00000, 0x0000000085f00000| Untracked 
|  20|0x0000000086000000, 0x0000000086000000, 0x0000000086100000|  0%| F|  |TAMS 0x0000000086000000, 0x0000000086000000| Untracked 
|  21|0x0000000086100000, 0x0000000086100000, 0x0000000086200000|  0%| F|  |TAMS 0x0000000086100000, 0x0000000086100000| Untracked 
|  22|0x0000000086200000, 0x0000000086200000, 0x0000000086300000|  0%| F|  |TAMS 0x0000000086200000, 0x0000000086200000| Untracked 
|  23|0x0000000086300000, 0x0000000086300000, 0x0000000086400000|  0%| F|  |TAMS 0x0000000086300000, 0x0000000086300000| Untracked 
|  24|0x0000000086400000, 0x0000000086400000, 0x0000000086500000|  0%| F|  |TAMS 0x0000000086400000, 0x0000000086400000| Untracked 
|  25|0x0000000086500000, 0x0000000086500000, 0x0000000086600000|  0%| F|  |TAMS 0x0000000086500000, 0x0000000086500000| Untracked 
|  26|0x0000000086600000, 0x0000000086600000, 0x0000000086700000|  0%| F|  |TAMS 0x0000000086600000, 0x0000000086600000| Untracked 
|  27|0x0000000086700000, 0x0000000086700000, 0x0000000086800000|  0%| F|  |TAMS 0x0000000086700000, 0x0000000086700000| Untracked 
|  28|0x0000000086800000, 0x0000000086800000, 0x0000000086900000|  0%| F|  |TAMS 0x0000000086800000, 0x0000000086800000| Untracked 
|  29|0x0000000086900000, 0x0000000086900000, 0x0000000086a00000|  0%| F|  |TAMS 0x0000000086900000, 0x0000000086900000| Untracked 
|  30|0x0000000086a00000, 0x0000000086a00000, 0x0000000086b00000|  0%| F|  |TAMS 0x0000000086a00000, 0x0000000086a00000| Untracked 
|  31|0x0000000086b00000, 0x0000000086b00000, 0x0000000086c00000|  0%| F|  |TAMS 0x0000000086b00000, 0x0000000086b00000| Untracked 
|  32|0x0000000086c00000, 0x0000000086c00000, 0x0000000086d00000|  0%| F|  |TAMS 0x0000000086c00000, 0x0000000086c00000| Untracked 
|  33|0x0000000086d00000, 0x0000000086d00000, 0x0000000086e00000|  0%| F|  |TAMS 0x0000000086d00000, 0x0000000086d00000| Untracked 
|  34|0x0000000086e00000, 0x0000000086e00000, 0x0000000086f00000|  0%| F|  |TAMS 0x0000000086e00000, 0x0000000086e00000| Untracked 
|  35|0x0000000086f00000, 0x0000000086f00000, 0x0000000087000000|  0%| F|  |TAMS 0x0000000086f00000, 0x0000000086f00000| Untracked 
|  36|0x0000000087000000, 0x0000000087000000, 0x0000000087100000|  0%| F|  |TAMS 0x0000000087000000, 0x0000000087000000| Untracked 
|  37|0x0000000087100000, 0x0000000087100000, 0x0000000087200000|  0%| F|  |TAMS 0x0000000087100000, 0x0000000087100000| Untracked 
|  38|0x0000000087200000, 0x0000000087200000, 0x0000000087300000|  0%| F|  |TAMS 0x0000000087200000, 0x0000000087200000| Untracked 
|  39|0x0000000087300000, 0x0000000087300000, 0x0000000087400000|  0%| F|  |TAMS 0x0000000087300000, 0x0000000087300000| Untracked 
|  40|0x0000000087400000, 0x0000000087400000, 0x0000000087500000|  0%| F|  |TAMS 0x0000000087400000, 0x0000000087400000| Untracked 
|  41|0x0000000087500000, 0x0000000087500000, 0x0000000087600000|  0%| F|  |TAMS 0x0000000087500000, 0x0000000087500000| Untracked 
|  42|0x0000000087600000, 0x00000000876b8560, 0x0000000087700000| 72%| S|CS|TAMS 0x0000000087600000, 0x0000000087600000| Complete 
|  43|0x0000000087700000, 0x0000000087800000, 0x0000000087800000|100%| S|CS|TAMS 0x0000000087700000, 0x0000000087700000| Complete 
|  44|0x0000000087800000, 0x0000000087900000, 0x0000000087900000|100%| S|CS|TAMS 0x0000000087800000, 0x0000000087800000| Complete 
|  45|0x0000000087900000, 0x0000000087a00000, 0x0000000087a00000|100%| S|CS|TAMS 0x0000000087900000, 0x0000000087900000| Complete 
|  46|0x0000000087a00000, 0x0000000087b00000, 0x0000000087b00000|100%| S|CS|TAMS 0x0000000087a00000, 0x0000000087a00000| Complete 
|  47|0x0000000087b00000, 0x0000000087b00000, 0x0000000087c00000|  0%| F|  |TAMS 0x0000000087b00000, 0x0000000087b00000| Untracked 
|  48|0x0000000087c00000, 0x0000000087c00000, 0x0000000087d00000|  0%| F|  |TAMS 0x0000000087c00000, 0x0000000087c00000| Untracked 
|  49|0x0000000087d00000, 0x0000000087d00000, 0x0000000087e00000|  0%| F|  |TAMS 0x0000000087d00000, 0x0000000087d00000| Untracked 
|  50|0x0000000087e00000, 0x0000000087f00000, 0x0000000087f00000|100%| S|CS|TAMS 0x0000000087e00000, 0x0000000087e00000| Complete 
|  51|0x0000000087f00000, 0x0000000088000000, 0x0000000088000000|100%| S|CS|TAMS 0x0000000087f00000, 0x0000000087f00000| Complete 
|  52|0x0000000088000000, 0x0000000088100000, 0x0000000088100000|100%| S|CS|TAMS 0x0000000088000000, 0x0000000088000000| Complete 
|  53|0x0000000088100000, 0x0000000088100000, 0x0000000088200000|  0%| F|  |TAMS 0x0000000088100000, 0x0000000088100000| Untracked 
|  54|0x0000000088200000, 0x0000000088200000, 0x0000000088300000|  0%| F|  |TAMS 0x0000000088200000, 0x0000000088200000| Untracked 
|  55|0x0000000088300000, 0x0000000088300000, 0x0000000088400000|  0%| F|  |TAMS 0x0000000088300000, 0x0000000088300000| Untracked 
|  56|0x0000000088400000, 0x0000000088400000, 0x0000000088500000|  0%| F|  |TAMS 0x0000000088400000, 0x0000000088400000| Untracked 
|  57|0x0000000088500000, 0x0000000088500000, 0x0000000088600000|  0%| F|  |TAMS 0x0000000088500000, 0x0000000088500000| Untracked 
|  58|0x0000000088600000, 0x0000000088600000, 0x0000000088700000|  0%| F|  |TAMS 0x0000000088600000, 0x0000000088600000| Untracked 
|  59|0x0000000088700000, 0x0000000088700000, 0x0000000088800000|  0%| F|  |TAMS 0x0000000088700000, 0x0000000088700000| Untracked 
|  60|0x0000000088800000, 0x0000000088800000, 0x0000000088900000|  0%| F|  |TAMS 0x0000000088800000, 0x0000000088800000| Untracked 
|  61|0x0000000088900000, 0x0000000088900000, 0x0000000088a00000|  0%| F|  |TAMS 0x0000000088900000, 0x0000000088900000| Untracked 
|  62|0x0000000088a00000, 0x0000000088a00000, 0x0000000088b00000|  0%| F|  |TAMS 0x0000000088a00000, 0x0000000088a00000| Untracked 
|  63|0x0000000088b00000, 0x0000000088b00000, 0x0000000088c00000|  0%| F|  |TAMS 0x0000000088b00000, 0x0000000088b00000| Untracked 
|  64|0x0000000088c00000, 0x0000000088c00000, 0x0000000088d00000|  0%| F|  |TAMS 0x0000000088c00000, 0x0000000088c00000| Untracked 
|  65|0x0000000088d00000, 0x0000000088d00000, 0x0000000088e00000|  0%| F|  |TAMS 0x0000000088d00000, 0x0000000088d00000| Untracked 
|  66|0x0000000088e00000, 0x0000000088e00000, 0x0000000088f00000|  0%| F|  |TAMS 0x0000000088e00000, 0x0000000088e00000| Untracked 
|  67|0x0000000088f00000, 0x0000000088f00000, 0x0000000089000000|  0%| F|  |TAMS 0x0000000088f00000, 0x0000000088f00000| Untracked 
|  68|0x0000000089000000, 0x0000000089000000, 0x0000000089100000|  0%| F|  |TAMS 0x0000000089000000, 0x0000000089000000| Untracked 
|  69|0x0000000089100000, 0x0000000089100000, 0x0000000089200000|  0%| F|  |TAMS 0x0000000089100000, 0x0000000089100000| Untracked 
|  70|0x0000000089200000, 0x0000000089200000, 0x0000000089300000|  0%| F|  |TAMS 0x0000000089200000, 0x0000000089200000| Untracked 
|  71|0x0000000089300000, 0x0000000089300000, 0x0000000089400000|  0%| F|  |TAMS 0x0000000089300000, 0x0000000089300000| Untracked 
|  72|0x0000000089400000, 0x0000000089400000, 0x0000000089500000|  0%| F|  |TAMS 0x0000000089400000, 0x0000000089400000| Untracked 
|  73|0x0000000089500000, 0x0000000089500000, 0x0000000089600000|  0%| F|  |TAMS 0x0000000089500000, 0x0000000089500000| Untracked 
|  74|0x0000000089600000, 0x0000000089600000, 0x0000000089700000|  0%| F|  |TAMS 0x0000000089600000, 0x0000000089600000| Untracked 
|  75|0x0000000089700000, 0x0000000089700000, 0x0000000089800000|  0%| F|  |TAMS 0x0000000089700000, 0x0000000089700000| Untracked 
|  76|0x0000000089800000, 0x0000000089800000, 0x0000000089900000|  0%| F|  |TAMS 0x0000000089800000, 0x0000000089800000| Untracked 
|  77|0x0000000089900000, 0x0000000089900000, 0x0000000089a00000|  0%| F|  |TAMS 0x0000000089900000, 0x0000000089900000| Untracked 
|  78|0x0000000089a00000, 0x0000000089a00000, 0x0000000089b00000|  0%| F|  |TAMS 0x0000000089a00000, 0x0000000089a00000| Untracked 
|  79|0x0000000089b00000, 0x0000000089b00000, 0x0000000089c00000|  0%| F|  |TAMS 0x0000000089b00000, 0x0000000089b00000| Untracked 
|  80|0x0000000089c00000, 0x0000000089c00000, 0x0000000089d00000|  0%| F|  |TAMS 0x0000000089c00000, 0x0000000089c00000| Untracked 
|  81|0x0000000089d00000, 0x0000000089d00000, 0x0000000089e00000|  0%| F|  |TAMS 0x0000000089d00000, 0x0000000089d00000| Untracked 
|  82|0x0000000089e00000, 0x0000000089e00000, 0x0000000089f00000|  0%| F|  |TAMS 0x0000000089e00000, 0x0000000089e00000| Untracked 
|  83|0x0000000089f00000, 0x0000000089f00000, 0x000000008a000000|  0%| F|  |TAMS 0x0000000089f00000, 0x0000000089f00000| Untracked 
|  84|0x000000008a000000, 0x000000008a000000, 0x000000008a100000|  0%| F|  |TAMS 0x000000008a000000, 0x000000008a000000| Untracked 
|  85|0x000000008a100000, 0x000000008a100000, 0x000000008a200000|  0%| F|  |TAMS 0x000000008a100000, 0x000000008a100000| Untracked 
|  86|0x000000008a200000, 0x000000008a200000, 0x000000008a300000|  0%| F|  |TAMS 0x000000008a200000, 0x000000008a200000| Untracked 
|  87|0x000000008a300000, 0x000000008a300000, 0x000000008a400000|  0%| F|  |TAMS 0x000000008a300000, 0x000000008a300000| Untracked 
|  88|0x000000008a400000, 0x000000008a400000, 0x000000008a500000|  0%| F|  |TAMS 0x000000008a400000, 0x000000008a400000| Untracked 
|  89|0x000000008a500000, 0x000000008a500000, 0x000000008a600000|  0%| F|  |TAMS 0x000000008a500000, 0x000000008a500000| Untracked 
|  90|0x000000008a600000, 0x000000008a600000, 0x000000008a700000|  0%| F|  |TAMS 0x000000008a600000, 0x000000008a600000| Untracked 
|  91|0x000000008a700000, 0x000000008a700000, 0x000000008a800000|  0%| F|  |TAMS 0x000000008a700000, 0x000000008a700000| Untracked 
|  92|0x000000008a800000, 0x000000008a800000, 0x000000008a900000|  0%| F|  |TAMS 0x000000008a800000, 0x000000008a800000| Untracked 
|  93|0x000000008a900000, 0x000000008a900000, 0x000000008aa00000|  0%| F|  |TAMS 0x000000008a900000, 0x000000008a900000| Untracked 
|  94|0x000000008aa00000, 0x000000008aa00000, 0x000000008ab00000|  0%| F|  |TAMS 0x000000008aa00000, 0x000000008aa00000| Untracked 
|  95|0x000000008ab00000, 0x000000008ab00000, 0x000000008ac00000|  0%| F|  |TAMS 0x000000008ab00000, 0x000000008ab00000| Untracked 
|  96|0x000000008ac00000, 0x000000008ac00000, 0x000000008ad00000|  0%| F|  |TAMS 0x000000008ac00000, 0x000000008ac00000| Untracked 
|  97|0x000000008ad00000, 0x000000008ad00000, 0x000000008ae00000|  0%| F|  |TAMS 0x000000008ad00000, 0x000000008ad00000| Untracked 
|  98|0x000000008ae00000, 0x000000008ae00000, 0x000000008af00000|  0%| F|  |TAMS 0x000000008ae00000, 0x000000008ae00000| Untracked 
|  99|0x000000008af00000, 0x000000008af00000, 0x000000008b000000|  0%| F|  |TAMS 0x000000008af00000, 0x000000008af00000| Untracked 
| 100|0x000000008b000000, 0x000000008b000000, 0x000000008b100000|  0%| F|  |TAMS 0x000000008b000000, 0x000000008b000000| Untracked 
| 101|0x000000008b100000, 0x000000008b100000, 0x000000008b200000|  0%| F|  |TAMS 0x000000008b100000, 0x000000008b100000| Untracked 
| 102|0x000000008b200000, 0x000000008b200000, 0x000000008b300000|  0%| F|  |TAMS 0x000000008b200000, 0x000000008b200000| Untracked 
| 103|0x000000008b300000, 0x000000008b300000, 0x000000008b400000|  0%| F|  |TAMS 0x000000008b300000, 0x000000008b300000| Untracked 
| 104|0x000000008b400000, 0x000000008b400000, 0x000000008b500000|  0%| F|  |TAMS 0x000000008b400000, 0x000000008b400000| Untracked 
| 105|0x000000008b500000, 0x000000008b500000, 0x000000008b600000|  0%| F|  |TAMS 0x000000008b500000, 0x000000008b500000| Untracked 
| 106|0x000000008b600000, 0x000000008b600000, 0x000000008b700000|  0%| F|  |TAMS 0x000000008b600000, 0x000000008b600000| Untracked 
| 107|0x000000008b700000, 0x000000008b700000, 0x000000008b800000|  0%| F|  |TAMS 0x000000008b700000, 0x000000008b700000| Untracked 
| 108|0x000000008b800000, 0x000000008b800000, 0x000000008b900000|  0%| F|  |TAMS 0x000000008b800000, 0x000000008b800000| Untracked 
| 109|0x000000008b900000, 0x000000008b900000, 0x000000008ba00000|  0%| F|  |TAMS 0x000000008b900000, 0x000000008b900000| Untracked 
| 110|0x000000008ba00000, 0x000000008ba00000, 0x000000008bb00000|  0%| F|  |TAMS 0x000000008ba00000, 0x000000008ba00000| Untracked 
| 111|0x000000008bb00000, 0x000000008bb00000, 0x000000008bc00000|  0%| F|  |TAMS 0x000000008bb00000, 0x000000008bb00000| Untracked 
| 112|0x000000008bc00000, 0x000000008bd00000, 0x000000008bd00000|100%| E|  |TAMS 0x000000008bc00000, 0x000000008bc00000| Complete 
| 113|0x000000008bd00000, 0x000000008be00000, 0x000000008be00000|100%| E|CS|TAMS 0x000000008bd00000, 0x000000008bd00000| Complete 
| 114|0x000000008be00000, 0x000000008bf00000, 0x000000008bf00000|100%| E|CS|TAMS 0x000000008be00000, 0x000000008be00000| Complete 
| 115|0x000000008bf00000, 0x000000008c000000, 0x000000008c000000|100%| E|CS|TAMS 0x000000008bf00000, 0x000000008bf00000| Complete 
| 116|0x000000008c000000, 0x000000008c100000, 0x000000008c100000|100%| E|CS|TAMS 0x000000008c000000, 0x000000008c000000| Complete 
| 117|0x000000008c100000, 0x000000008c200000, 0x000000008c200000|100%| E|CS|TAMS 0x000000008c100000, 0x000000008c100000| Complete 
| 118|0x000000008c200000, 0x000000008c300000, 0x000000008c300000|100%| E|CS|TAMS 0x000000008c200000, 0x000000008c200000| Complete 
| 119|0x000000008c300000, 0x000000008c400000, 0x000000008c400000|100%| E|CS|TAMS 0x000000008c300000, 0x000000008c300000| Complete 
| 120|0x000000008c400000, 0x000000008c500000, 0x000000008c500000|100%| E|CS|TAMS 0x000000008c400000, 0x000000008c400000| Complete 
| 121|0x000000008c500000, 0x000000008c600000, 0x000000008c600000|100%| E|CS|TAMS 0x000000008c500000, 0x000000008c500000| Complete 
| 122|0x000000008c600000, 0x000000008c700000, 0x000000008c700000|100%| E|CS|TAMS 0x000000008c600000, 0x000000008c600000| Complete 
| 123|0x000000008c700000, 0x000000008c800000, 0x000000008c800000|100%| E|CS|TAMS 0x000000008c700000, 0x000000008c700000| Complete 

Card table byte_map: [0x00000159bf700000,0x00000159bfae0000] _byte_map_base: 0x00000159bf2da000

Marking Bits (Prev, Next): (CMBitMap*) 0x00000159a8b04670, (CMBitMap*) 0x00000159a8b046b0
 Prev Bits: [0x00000159bfec0000, 0x00000159c1d90000)
 Next Bits: [0x00000159c1d90000, 0x00000159c3c60000)

Polling page: 0x00000159a8280000

Metaspace:

Usage:
  Non-class:     17.19 MB used.
      Class:      2.28 MB used.
       Both:     19.48 MB used.

Virtual space:
  Non-class space:       24.00 MB reserved,      17.31 MB ( 72%) committed,  3 nodes.
      Class space:        1.00 GB reserved,       2.38 MB ( <1%) committed,  1 nodes.
             Both:        1.02 GB reserved,      19.69 MB (  2%) committed. 

Chunk freelists:
   Non-Class:  2.14 MB
       Class:  1.44 MB
        Both:  3.58 MB

MaxMetaspaceSize: unlimited
CompressedClassSpaceSize: 1.00 GB
Initial GC threshold: 21.00 MB
Current GC threshold: 21.00 MB
CDS: on
MetaspaceReclaimPolicy: balanced
 - commit_granule_bytes: 65536.
 - commit_granule_words: 8192.
 - virtual_space_node_default_size: 1048576.
 - enlarge_chunks_in_place: 1.
 - new_chunks_are_fully_committed: 0.
 - uncommit_free_chunks: 1.
 - use_allocation_guard: 0.
 - handle_deallocations: 1.


Internal statistics:

num_allocs_failed_limit: 0.
num_arena_births: 226.
num_arena_deaths: 0.
num_vsnodes_births: 4.
num_vsnodes_deaths: 0.
num_space_committed: 315.
num_space_uncommitted: 0.
num_chunks_returned_to_freelist: 0.
num_chunks_taken_from_freelist: 955.
num_chunk_merges: 0.
num_chunk_splits: 640.
num_chunks_enlarged: 473.
num_purges: 0.
num_inconsistent_stats: 0.

CodeHeap 'non-profiled nmethods': size=120000Kb used=1813Kb max_used=1813Kb free=118186Kb
 bounds [0x00000159b7df0000, 0x00000159b8060000, 0x00000159bf320000]
CodeHeap 'profiled nmethods': size=120000Kb used=7734Kb max_used=7734Kb free=112265Kb
 bounds [0x00000159b08c0000, 0x00000159b1050000, 0x00000159b7df0000]
CodeHeap 'non-nmethods': size=5760Kb used=1222Kb max_used=1268Kb free=4537Kb
 bounds [0x00000159b0320000, 0x00000159b0590000, 0x00000159b08c0000]
 total_blobs=4278 nmethods=3763 adapters=427
 compilation: enabled
              stopped_count=0, restarted_count=0
 full_count=0

Compilation events (20 events):
Event: 16904.533 Thread 0x00000159c611a720 nmethod 3765 0x00000159b7fb3a10 code [0x00000159b7fb3b80, 0x00000159b7fb3f58]
Event: 16908.262 Thread 0x00000159c6127630 3766       3       java.lang.StackStreamFactory$AbstractStackWalker::<init> (38 bytes)
Event: 16908.262 Thread 0x00000159c6127630 nmethod 3766 0x00000159b1043710 code [0x00000159b10438c0, 0x00000159b1043b68]
Event: 16908.262 Thread 0x00000159c6127630 3767       3       java.lang.StackStreamFactory$AbstractStackWalker::beginStackWalk (35 bytes)
Event: 16908.262 Thread 0x00000159c6127630 nmethod 3767 0x00000159b1043c90 code [0x00000159b1043e60, 0x00000159b1044208]
Event: 16962.715 Thread 0x00000159c6127630 3768       3       org.eclipse.lsp4j.jsonrpc.json.adapters.MessageTypeAdapter::parseParams (222 bytes)
Event: 16962.720 Thread 0x00000159c6127630 nmethod 3768 0x00000159b1044390 code [0x00000159b10447c0, 0x00000159b10468c8]
Event: 16962.720 Thread 0x00000159c6127630 3769       3       org.eclipse.lsp4j.jsonrpc.json.adapters.MessageTypeAdapter::parseParams (235 bytes)
Event: 16962.725 Thread 0x00000159c6127630 nmethod 3769 0x00000159b1047390 code [0x00000159b1047760, 0x00000159b1049828]
Event: 16962.725 Thread 0x00000159c6127630 3770       3       org.eclipse.lsp4j.jsonrpc.json.adapters.MessageTypeAdapter::parseResult (115 bytes)
Event: 16962.726 Thread 0x00000159c6127630 nmethod 3770 0x00000159b104a110 code [0x00000159b104a3a0, 0x00000159b104b078]
Event: 16962.726 Thread 0x00000159c6127630 3771       3       org.eclipse.lsp4j.jsonrpc.json.adapters.MessageTypeAdapter::createMessage (140 bytes)
Event: 16962.728 Thread 0x00000159c6127630 nmethod 3771 0x00000159b104b510 code [0x00000159b104b7a0, 0x00000159b104c968]
Event: 16965.983 Thread 0x00000159c611a720 3772       4       java.lang.Integer::parseInt (300 bytes)
Event: 16965.997 Thread 0x00000159c611a720 nmethod 3772 0x00000159b7fb4090 code [0x00000159b7fb4260, 0x00000159b7fb4758]
Event: 17031.658 Thread 0x00000159c6127630 3773       3       java.lang.StackStreamFactory$FrameBuffer::<init> (58 bytes)
Event: 17031.660 Thread 0x00000159c6127630 nmethod 3773 0x00000159b104cc90 code [0x00000159b104cee0, 0x00000159b104d668]
Event: 17034.130 Thread 0x00000159c611a720 3774       4       java.lang.StringConcatHelper::newArray (26 bytes)
Event: 17034.133 Thread 0x00000159c611a720 nmethod 3774 0x00000159b7fb4d90 code [0x00000159b7fb4f20, 0x00000159b7fb5038]
Event: 145640.756 Thread 0x00000159c611a720 3776       4       java.lang.StackStreamFactory$StackFrameTraverser::tryAdvance (114 bytes)

GC Heap History (8 events):
Event: 3.722 GC heap before
{Heap before GC invocations=0 (full 0):
 garbage-first heap   total 126976K, used 12288K [0x0000000084c00000, 0x0000000100000000)
  region size 1024K, 13 young (13312K), 0 survivors (0K)
 Metaspace       used 1849K, committed 2048K, reserved 1056768K
  class space    used 183K, committed 256K, reserved 1048576K
}
Event: 3.727 GC heap after
{Heap after GC invocations=1 (full 0):
 garbage-first heap   total 126976K, used 2048K [0x0000000084c00000, 0x0000000100000000)
  region size 1024K, 2 young (2048K), 2 survivors (2048K)
 Metaspace       used 1849K, committed 2048K, reserved 1056768K
  class space    used 183K, committed 256K, reserved 1048576K
}
Event: 4.009 GC heap before
{Heap before GC invocations=1 (full 0):
 garbage-first heap   total 126976K, used 18432K [0x0000000084c00000, 0x0000000100000000)
  region size 1024K, 18 young (18432K), 2 survivors (2048K)
 Metaspace       used 3297K, committed 3456K, reserved 1056768K
  class space    used 372K, committed 448K, reserved 1048576K
}
Event: 4.013 GC heap after
{Heap after GC invocations=2 (full 0):
 garbage-first heap   total 126976K, used 2567K [0x0000000084c00000, 0x0000000100000000)
  region size 1024K, 1 young (1024K), 1 survivors (1024K)
 Metaspace       used 3297K, committed 3456K, reserved 1056768K
  class space    used 372K, committed 448K, reserved 1048576K
}
Event: 5.163 GC heap before
{Heap before GC invocations=2 (full 0):
 garbage-first heap   total 126976K, used 77319K [0x0000000084c00000, 0x0000000100000000)
  region size 1024K, 74 young (75776K), 1 survivors (1024K)
 Metaspace       used 9993K, committed 10176K, reserved 1064960K
  class space    used 1214K, committed 1280K, reserved 1048576K
}
Event: 5.170 GC heap after
{Heap after GC invocations=3 (full 0):
 garbage-first heap   total 126976K, used 4939K [0x0000000084c00000, 0x0000000100000000)
  region size 1024K, 3 young (3072K), 3 survivors (3072K)
 Metaspace       used 9993K, committed 10176K, reserved 1064960K
  class space    used 1214K, committed 1280K, reserved 1048576K
}
Event: 8.334 GC heap before
{Heap before GC invocations=3 (full 0):
 garbage-first heap   total 126976K, used 77643K [0x0000000084c00000, 0x0000000100000000)
  region size 1024K, 74 young (75776K), 3 survivors (3072K)
 Metaspace       used 19125K, committed 19392K, reserved 1073152K
  class space    used 2254K, committed 2368K, reserved 1048576K
}
Event: 8.341 GC heap after
{Heap after GC invocations=4 (full 0):
 garbage-first heap   total 126976K, used 9881K [0x0000000084c00000, 0x0000000100000000)
  region size 1024K, 8 young (8192K), 8 survivors (8192K)
 Metaspace       used 19125K, committed 19392K, reserved 1073152K
  class space    used 2254K, committed 2368K, reserved 1048576K
}

Deoptimization events (20 events):
Event: 8.184 Thread 0x00000159a8aab650 Uncommon trap: trap_request=0xffffff45 fr.pc=0x00000159b7f3fe64 relative=0x00000000000002a4
Event: 8.184 Thread 0x00000159a8aab650 Uncommon trap: reason=unstable_if action=reinterpret pc=0x00000159b7f3fe64 method=com.fasterxml.jackson.core.json.UTF8StreamJsonParser._skipWSOrEnd()I @ 206 c2
Event: 8.184 Thread 0x00000159a8aab650 DEOPT PACKING pc=0x00000159b7f3fe64 sp=0x0000002b141fd2e0
Event: 8.184 Thread 0x00000159a8aab650 DEOPT UNPACKING pc=0x00000159b0375c23 sp=0x0000002b141fd268 mode 2
Event: 8.190 Thread 0x00000159a8aab650 Uncommon trap: trap_request=0xffffff45 fr.pc=0x00000159b7f592ac relative=0x00000000000009cc
Event: 8.190 Thread 0x00000159a8aab650 Uncommon trap: reason=unstable_if action=reinterpret pc=0x00000159b7f592ac method=com.fasterxml.jackson.core.json.UTF8StreamJsonParser._parseName(I)Ljava/lang/String; @ 153 c2
Event: 8.190 Thread 0x00000159a8aab650 DEOPT PACKING pc=0x00000159b7f592ac sp=0x0000002b141fd690
Event: 8.190 Thread 0x00000159a8aab650 DEOPT UNPACKING pc=0x00000159b0375c23 sp=0x0000002b141fd628 mode 2
Event: 8.329 Thread 0x00000159a8aab650 Uncommon trap: trap_request=0xfffffff4 fr.pc=0x00000159b7f6a3e8 relative=0x0000000000000728
Event: 8.329 Thread 0x00000159a8aab650 Uncommon trap: reason=null_check action=make_not_entrant pc=0x00000159b7f6a3e8 method=org.springframework.beans.factory.support.DefaultListableBeanFactory.getBeanDefinition(Ljava/lang/String;)Lorg/springframework/beans/factory/config/BeanDefinition; @ 10 
Event: 8.329 Thread 0x00000159a8aab650 DEOPT PACKING pc=0x00000159b7f6a3e8 sp=0x0000002b141fc8f0
Event: 8.329 Thread 0x00000159a8aab650 DEOPT UNPACKING pc=0x00000159b0375c23 sp=0x0000002b141fc828 mode 2
Event: 101.807 Thread 0x00000159c86090f0 DEOPT PACKING pc=0x00000159b0d09abe sp=0x0000002b154fe790
Event: 101.807 Thread 0x00000159c86090f0 DEOPT UNPACKING pc=0x00000159b0376763 sp=0x0000002b154fdc30 mode 0
Event: 113.283 Thread 0x00000159c86090f0 Uncommon trap: trap_request=0xffffffcc fr.pc=0x00000159b7f9576c relative=0x000000000000034c
Event: 113.283 Thread 0x00000159c86090f0 Uncommon trap: reason=intrinsic_or_type_checked_inlining action=make_not_entrant pc=0x00000159b7f9576c method=java.util.Arrays.copyOf([Ljava/lang/Object;ILjava/lang/Class;)[Ljava/lang/Object; @ 35 c2
Event: 113.283 Thread 0x00000159c86090f0 DEOPT PACKING pc=0x00000159b7f9576c sp=0x0000002b154fe940
Event: 113.283 Thread 0x00000159c86090f0 DEOPT UNPACKING pc=0x00000159b0375c23 sp=0x0000002b154fe8e8 mode 2
Event: 16904.527 Thread 0x00000159c86090f0 DEOPT PACKING pc=0x00000159b0fc7503 sp=0x0000002b154fe4f0
Event: 16904.527 Thread 0x00000159c86090f0 DEOPT UNPACKING pc=0x00000159b0376763 sp=0x0000002b154fd988 mode 0

Classes unloaded (0 events):
No events

Classes redefined (0 events):
No events

Internal exceptions (20 events):
Event: 4.635 Thread 0x00000159a8aab650 Exception <a 'java/lang/ClassNotFoundException'{0x000000008a1746e8}: org/springframework/beans/factory/AwareCustomizer> (0x000000008a1746e8) 
thrown [s\open\src\hotspot\share\classfile\systemDictionary.cpp, line 256]
Event: 4.635 Thread 0x00000159a8aab650 Exception <a 'java/lang/ClassNotFoundException'{0x000000008a186a20}: org/springframework/context/EnvironmentAwareCustomizer> (0x000000008a186a20) 
thrown [s\open\src\hotspot\share\classfile\systemDictionary.cpp, line 256]
Event: 4.635 Thread 0x00000159a8aab650 Exception <a 'java/lang/ClassNotFoundException'{0x000000008a1996c8}: org/springframework/beans/factory/AwareCustomizer> (0x000000008a1996c8) 
thrown [s\open\src\hotspot\share\classfile\systemDictionary.cpp, line 256]
Event: 4.656 Thread 0x00000159a8aab650 Exception <a 'java/lang/ClassNotFoundException'{0x0000000089fe6d10}: org/springframework/boot/loader/jar/Handler> (0x0000000089fe6d10) 
thrown [s\open\src\hotspot\share\classfile\systemDictionary.cpp, line 256]
Event: 4.743 Thread 0x00000159a8aab650 Exception <a 'java/lang/NoSuchMethodError'{0x00000000898c5558}: 'int java.lang.invoke.DirectMethodHandle$Holder.invokeSpecialIFC(java.lang.Object, java.lang.Object, java.lang.Object, java.lang.Object)'> (0x00000000898c5558) 
thrown [s\open\src\hotspot\share\interpreter\linkResolver.cpp, line 759]
Event: 4.866 Thread 0x00000159a8aab650 Exception <a 'java/lang/IncompatibleClassChangeError'{0x0000000088d4fb18}: Found class java.lang.Object, but interface was expected> (0x0000000088d4fb18) 
thrown [s\open\src\hotspot\share\interpreter\linkResolver.cpp, line 826]
Event: 4.925 Thread 0x00000159a8aab650 Exception <a 'java/lang/NoSuchMethodError'{0x0000000088b3ab18}: 'void java.lang.invoke.DirectMethodHandle$Holder.invokeStatic(java.lang.Object, java.lang.Object, java.lang.Object, java.lang.Object)'> (0x0000000088b3ab18) 
thrown [s\open\src\hotspot\share\interpreter\linkResolver.cpp, line 759]
Event: 4.930 Thread 0x00000159a8aab650 Exception <a 'java/lang/NoSuchMethodError'{0x0000000088b49340}: 'void java.lang.invoke.DirectMethodHandle$Holder.invokeInterface(java.lang.Object, java.lang.Object, java.lang.Object, java.lang.Object)'> (0x0000000088b49340) 
thrown [s\open\src\hotspot\share\interpreter\linkResolver.cpp, line 759]
Event: 7.470 Thread 0x00000159a8aab650 Exception <a 'java/lang/NoSuchMethodError'{0x000000008b0e4288}: 'void java.lang.invoke.DirectMethodHandle$Holder.invokeStaticInit(java.lang.Object, java.lang.Object, java.lang.Object)'> (0x000000008b0e4288) 
thrown [s\open\src\hotspot\share\interpreter\linkResolver.cpp, line 759]
Event: 7.909 Thread 0x00000159a8aab650 Exception <a 'java/lang/ClassNotFoundException'{0x000000008927cd60}: com/salesforce/slds/validation/validators/models/PropertiesBeanInfo> (0x000000008927cd60) 
thrown [s\open\src\hotspot\share\classfile\systemDictionary.cpp, line 256]
Event: 7.909 Thread 0x00000159a8aab650 Exception <a 'java/lang/ClassNotFoundException'{0x0000000089285130}: java/lang/ObjectBeanInfo> (0x0000000089285130) 
thrown [s\open\src\hotspot\share\classfile\systemDictionary.cpp, line 256]
Event: 7.909 Thread 0x00000159a8aab650 Exception <a 'java/lang/ClassNotFoundException'{0x000000008928d2a8}: java/lang/ObjectCustomizer> (0x000000008928d2a8) 
thrown [s\open\src\hotspot\share\classfile\systemDictionary.cpp, line 256]
Event: 7.911 Thread 0x00000159a8aab650 Exception <a 'java/lang/ClassNotFoundException'{0x00000000892a3860}: com/salesforce/slds/validation/validators/models/PropertiesCustomizer> (0x00000000892a3860) 
thrown [s\open\src\hotspot\share\classfile\systemDictionary.cpp, line 256]
Event: 7.914 Thread 0x00000159a8aab650 Exception <a 'java/lang/ClassNotFoundException'{0x00000000892cecc0}: com/salesforce/slds/validation/validators/models/Properties$ItemBeanInfo> (0x00000000892cecc0) 
thrown [s\open\src\hotspot\share\classfile\systemDictionary.cpp, line 256]
Event: 7.914 Thread 0x00000159a8aab650 Exception <a 'java/lang/ClassNotFoundException'{0x00000000892e2150}: com/salesforce/slds/validation/validators/models/Properties$ItemCustomizer> (0x00000000892e2150) 
thrown [s\open\src\hotspot\share\classfile\systemDictionary.cpp, line 256]
Event: 8.224 Thread 0x00000159a8aab650 Exception <a 'java/lang/NoSuchMethodError'{0x000000008833e1d8}: 'void java.lang.invoke.DirectMethodHandle$Holder.invokeStatic(java.lang.Object, java.lang.Object, java.lang.Object, java.lang.Object, java.lang.Object, java.lang.Object)'> (0x000000008833e1d8) 
thrown [s\open\src\hotspot\share\interpreter\linkResolver.cpp, line 759]
Event: 8.329 Thread 0x00000159a8aab650 Implicit null exception at 0x00000159b7f6a1f7 to 0x00000159b7f6a3d8
Event: 8.332 Thread 0x00000159a8aab650 Exception <a 'java/lang/NoSuchMethodError'{0x00000000881e7c40}: 'void java.lang.invoke.DirectMethodHandle$Holder.invokeInterface(java.lang.Object, java.lang.Object, java.lang.Object)'> (0x00000000881e7c40) 
thrown [s\open\src\hotspot\share\interpreter\linkResolver.cpp, line 759]
Event: 8.451 Thread 0x00000159a8aab650 Exception <a 'java/lang/NoSuchMethodError'{0x000000008c46bfc0}: 'int java.lang.invoke.DirectMethodHandle$Holder.invokeSpecial(java.lang.Object, java.lang.Object, java.lang.Object, java.lang.Object, java.lang.Object)'> (0x000000008c46bfc0) 
thrown [s\open\src\hotspot\share\interpreter\linkResolver.cpp, line 759]
Event: 8.503 Thread 0x00000159a8aab650 Exception <a 'java/lang/NoSuchMethodError'{0x000000008c3729a0}: 'java.lang.Object java.lang.invoke.DirectMethodHandle$Holder.newInvokeSpecial(java.lang.Object, java.lang.Object, int, java.lang.Object, java.lang.Object)'> (0x000000008c3729a0) 
thrown [s\open\src\hotspot\share\interpreter\linkResolver.cpp, line 759]

VM Operations (20 events):
Event: 809.692 Executing VM operation: Cleanup
Event: 809.692 Executing VM operation: Cleanup done
Event: 872.114 Executing VM operation: Cleanup
Event: 872.114 Executing VM operation: Cleanup done
Event: 877.139 Executing VM operation: Cleanup
Event: 877.139 Executing VM operation: Cleanup done
Event: 878.139 Executing VM operation: Cleanup
Event: 878.139 Executing VM operation: Cleanup done
Event: 16503.815 Executing VM operation: Cleanup
Event: 16503.816 Executing VM operation: Cleanup done
Event: 16652.936 Executing VM operation: Cleanup
Event: 16652.936 Executing VM operation: Cleanup done
Event: 16672.126 Executing VM operation: Cleanup
Event: 16672.126 Executing VM operation: Cleanup done
Event: 16674.132 Executing VM operation: Cleanup
Event: 16674.132 Executing VM operation: Cleanup done
Event: 16779.882 Executing VM operation: Cleanup
Event: 16779.882 Executing VM operation: Cleanup done
Event: 16780.887 Executing VM operation: Cleanup
Event: 16780.887 Executing VM operation: Cleanup done

Events (20 events):
Event: 9.416 loading class java/util/logging/LogRecord$CallerFinder
Event: 9.418 loading class java/util/logging/LogRecord$CallerFinder done
Event: 9.418 loading class java/lang/StackWalker$Option
Event: 9.418 loading class java/lang/StackWalker$Option done
Event: 9.419 loading class java/lang/StackStreamFactory
Event: 9.419 loading class java/lang/StackStreamFactory done
Event: 9.419 loading class java/lang/StackWalker$ExtendedOption
Event: 9.419 loading class java/lang/StackWalker$ExtendedOption done
Event: 9.419 loading class java/lang/StackStreamFactory$StackFrameTraverser
Event: 9.420 loading class java/lang/StackStreamFactory$StackFrameTraverser done
Event: 9.420 loading class java/lang/StackStreamFactory$WalkerState
Event: 9.420 loading class java/lang/StackStreamFactory$WalkerState done
Event: 9.420 loading class java/lang/StackStreamFactory$1
Event: 9.420 loading class java/lang/StackStreamFactory$1 done
Event: 9.420 loading class java/lang/StackStreamFactory$StackFrameTraverser$StackFrameBuffer
Event: 9.420 loading class java/lang/StackStreamFactory$FrameBuffer
Event: 9.420 loading class java/lang/StackStreamFactory$FrameBuffer done
Event: 9.420 loading class java/lang/StackStreamFactory$StackFrameTraverser$StackFrameBuffer done
Event: 356.765 loading class java/util/concurrent/locks/AbstractQueuedSynchronizer$Node
Event: 356.766 loading class java/util/concurrent/locks/AbstractQueuedSynchronizer$Node done


Dynamic libraries:
0x00007ff662140000 - 0x00007ff662150000 	C:\Program Files\Java\jdk-17.0.4.1\bin\java.exe
0x00007ffd60990000 - 0x00007ffd60ba4000 	C:\WINDOWS\SYSTEM32\ntdll.dll
0x00007ffd5f490000 - 0x00007ffd5f552000 	C:\WINDOWS\System32\KERNEL32.DLL
0x00007ffd5e1f0000 - 0x00007ffd5e58c000 	C:\WINDOWS\System32\KERNELBASE.dll
0x00007ffd5e050000 - 0x00007ffd5e161000 	C:\WINDOWS\System32\ucrtbase.dll
0x00007ffd4bc80000 - 0x00007ffd4bc98000 	C:\Program Files\Java\jdk-17.0.4.1\bin\jli.dll
0x00007ffd60150000 - 0x00007ffd601fe000 	C:\WINDOWS\System32\ADVAPI32.dll
0x00007ffd608a0000 - 0x00007ffd60947000 	C:\WINDOWS\System32\msvcrt.dll
0x00007ffd60210000 - 0x00007ffd602b4000 	C:\WINDOWS\System32\sechost.dll
0x00007ffd5ee30000 - 0x00007ffd5ef45000 	C:\WINDOWS\System32\RPCRT4.dll
0x00007ffd5ffa0000 - 0x00007ffd6014b000 	C:\WINDOWS\System32\USER32.dll
0x00007ffd5e770000 - 0x00007ffd5e796000 	C:\WINDOWS\System32\win32u.dll
0x00007ffd60340000 - 0x00007ffd60369000 	C:\WINDOWS\System32\GDI32.dll
0x00007ffd5ddd0000 - 0x00007ffd5dee2000 	C:\WINDOWS\System32\gdi32full.dll
0x00007ffd5def0000 - 0x00007ffd5df8a000 	C:\WINDOWS\System32\msvcp_win.dll
0x00007ffd47180000 - 0x00007ffd4740e000 	C:\WINDOWS\WinSxS\amd64_microsoft.windows.common-controls_6595b64144ccf1df_6.0.22621.317_none_a9434687c10c9fa2\COMCTL32.dll
0x00007ffd4d270000 - 0x00007ffd4d27a000 	C:\WINDOWS\SYSTEM32\VERSION.dll
0x00007ffd3baf0000 - 0x00007ffd3bb0a000 	C:\Program Files\Java\jdk-17.0.4.1\bin\VCRUNTIME140.dll
0x00007ffd5e7a0000 - 0x00007ffd5e7d1000 	C:\WINDOWS\System32\IMM32.DLL
0x00007ffd4b9a0000 - 0x00007ffd4b9ac000 	C:\Program Files\Java\jdk-17.0.4.1\bin\vcruntime140_1.dll
0x00007ffd10b20000 - 0x00007ffd10bad000 	C:\Program Files\Java\jdk-17.0.4.1\bin\msvcp140.dll
0x00007ffcd3810000 - 0x00007ffcd43d2000 	C:\Program Files\Java\jdk-17.0.4.1\bin\server\jvm.dll
0x00007ffd607f0000 - 0x00007ffd607f8000 	C:\WINDOWS\System32\PSAPI.DLL
0x00007ffd53180000 - 0x00007ffd531b4000 	C:\WINDOWS\SYSTEM32\WINMM.dll
0x00007ffd4a3d0000 - 0x00007ffd4a3d9000 	C:\WINDOWS\SYSTEM32\WSOCK32.dll
0x00007ffd5e7e0000 - 0x00007ffd5e851000 	C:\WINDOWS\System32\WS2_32.dll
0x00007ffd5cf40000 - 0x00007ffd5cf58000 	C:\WINDOWS\SYSTEM32\kernel.appcore.dll
0x00007ffd49100000 - 0x00007ffd4910a000 	C:\Program Files\Java\jdk-17.0.4.1\bin\jimage.dll
0x00007ffd5c500000 - 0x00007ffd5c72e000 	C:\WINDOWS\SYSTEM32\DBGHELP.DLL
0x00007ffd5ea30000 - 0x00007ffd5edb9000 	C:\WINDOWS\System32\combase.dll
0x00007ffd5fdc0000 - 0x00007ffd5fe97000 	C:\WINDOWS\System32\OLEAUT32.dll
0x00007ffd4d430000 - 0x00007ffd4d462000 	C:\WINDOWS\SYSTEM32\dbgcore.DLL
0x00007ffd5e170000 - 0x00007ffd5e1eb000 	C:\WINDOWS\System32\bcryptPrimitives.dll
0x00007ffd39230000 - 0x00007ffd39255000 	C:\Program Files\Java\jdk-17.0.4.1\bin\java.dll
0x00007ffd02fc0000 - 0x00007ffd03096000 	C:\Program Files\Java\jdk-17.0.4.1\bin\jsvml.dll
0x00007ffd5f5e0000 - 0x00007ffd5fdbb000 	C:\WINDOWS\System32\SHELL32.dll
0x00007ffd5b990000 - 0x00007ffd5c245000 	C:\WINDOWS\SYSTEM32\windows.storage.dll
0x00007ffd5b720000 - 0x00007ffd5b85d000 	C:\WINDOWS\SYSTEM32\wintypes.dll
0x00007ffd5e880000 - 0x00007ffd5e971000 	C:\WINDOWS\System32\SHCORE.dll
0x00007ffd5edd0000 - 0x00007ffd5ee2e000 	C:\WINDOWS\System32\shlwapi.dll
0x00007ffd5dd00000 - 0x00007ffd5dd21000 	C:\WINDOWS\SYSTEM32\profapi.dll
0x00007ffd38d40000 - 0x00007ffd38d59000 	C:\Program Files\Java\jdk-17.0.4.1\bin\net.dll
0x00007ffd54ec0000 - 0x00007ffd54fef000 	C:\WINDOWS\SYSTEM32\WINHTTP.dll
0x00007ffd5d3a0000 - 0x00007ffd5d409000 	C:\WINDOWS\system32\mswsock.dll
0x00007ffd37990000 - 0x00007ffd379a6000 	C:\Program Files\Java\jdk-17.0.4.1\bin\nio.dll
0x00007ffd31180000 - 0x00007ffd31198000 	C:\Program Files\Java\jdk-17.0.4.1\bin\zip.dll
0x00007ffd48cf0000 - 0x00007ffd48cf9000 	C:\Program Files\Java\jdk-17.0.4.1\bin\management.dll
0x00007ffd46e20000 - 0x00007ffd46e2b000 	C:\Program Files\Java\jdk-17.0.4.1\bin\management_ext.dll
0x00007ffd3adc0000 - 0x00007ffd3add7000 	C:\WINDOWS\system32\napinsp.dll
0x00007ffd3ada0000 - 0x00007ffd3adbb000 	C:\WINDOWS\system32\pnrpnsp.dll
0x00007ffd5c960000 - 0x00007ffd5ca52000 	C:\WINDOWS\SYSTEM32\DNSAPI.dll
0x00007ffd5c930000 - 0x00007ffd5c95d000 	C:\WINDOWS\SYSTEM32\IPHLPAPI.DLL
0x00007ffd5edc0000 - 0x00007ffd5edc9000 	C:\WINDOWS\System32\NSI.dll
0x00007ffd3ae10000 - 0x00007ffd3ae21000 	C:\WINDOWS\System32\winrnr.dll
0x00007ffd3af90000 - 0x00007ffd3afa5000 	C:\WINDOWS\system32\wshbth.dll
0x00007ffd3af60000 - 0x00007ffd3af81000 	C:\WINDOWS\system32\nlansp_c.dll
0x00007ffd550c0000 - 0x00007ffd550ca000 	C:\Windows\System32\rasadhlp.dll
0x00007ffd4ded0000 - 0x00007ffd4df53000 	C:\WINDOWS\System32\fwpuclnt.dll
0x00007ffd45960000 - 0x00007ffd45970000 	C:\Program Files\Java\jdk-17.0.4.1\bin\verify.dll

dbghelp: loaded successfully - version: 4.0.5 - missing functions: none
symbol engine: initialized successfully - sym options: 0x614 - pdb path: .;C:\Program Files\Java\jdk-17.0.4.1\bin;C:\WINDOWS\SYSTEM32;C:\WINDOWS\WinSxS\amd64_microsoft.windows.common-controls_6595b64144ccf1df_6.0.22621.317_none_a9434687c10c9fa2;C:\Program Files\Java\jdk-17.0.4.1\bin\server

VM Arguments:
java_command: c:\Users\navin\.vscode\extensions\salesforce.salesforce-vscode-slds-1.4.8\lsp-0.0.13-executable.jar --PORT=60626
java_class_path (initial): c:\Users\navin\.vscode\extensions\salesforce.salesforce-vscode-slds-1.4.8\lsp-0.0.13-executable.jar
Launcher Type: SUN_STANDARD

[Global flags]
     intx CICompilerCount                          = 3                                         {product} {ergonomic}
     uint ConcGCThreads                            = 1                                         {product} {ergonomic}
     uint G1ConcRefinementThreads                  = 4                                         {product} {ergonomic}
   size_t G1HeapRegionSize                         = 1048576                                   {product} {ergonomic}
    uintx GCDrainStackTargetSize                   = 64                                        {product} {ergonomic}
   size_t InitialHeapSize                          = 130023424                                 {product} {ergonomic}
   size_t MarkStackSize                            = 4194304                                   {product} {ergonomic}
   size_t MaxHeapSize                              = 2067791872                                {product} {ergonomic}
   size_t MaxNewSize                               = 1240465408                                {product} {ergonomic}
   size_t MinHeapDeltaBytes                        = 1048576                                   {product} {ergonomic}
   size_t MinHeapSize                              = 8388608                                   {product} {ergonomic}
    uintx NonNMethodCodeHeapSize                   = 5832780                                {pd product} {ergonomic}
    uintx NonProfiledCodeHeapSize                  = 122912730                              {pd product} {ergonomic}
    uintx ProfiledCodeHeapSize                     = 122912730                              {pd product} {ergonomic}
    uintx ReservedCodeCacheSize                    = 251658240                              {pd product} {ergonomic}
     bool SegmentedCodeCache                       = true                                      {product} {ergonomic}
   size_t SoftMaxHeapSize                          = 2067791872                             {manageable} {ergonomic}
     bool UseCompressedClassPointers               = true                           {product lp64_product} {ergonomic}
     bool UseCompressedOops                        = true                           {product lp64_product} {ergonomic}
     bool UseG1GC                                  = true                                      {product} {ergonomic}
     bool UseLargePagesIndividualAllocation        = false                                  {pd product} {ergonomic}

Logging:
Log output configuration:
 #0: stdout all=warning uptime,level,tags
 #1: stderr all=off uptime,level,tags

Environment Variables:
JAVA_HOME=C:\Program Files\Java\jdk-17.0.4.1
PATH=C:\Program Files\Common Files\Oracle\Java\javapath;C:\WINDOWS\system32;C:\WINDOWS;C:\WINDOWS\System32\Wbem;C:\WINDOWS\System32\WindowsPowerShell\v1.0\;C:\WINDOWS\System32\OpenSSH\;C:\Program Files\Microsoft VS Code\bin;C:\Program Files\Java\jdk-17.0.4.1\bin;C:\Users\navin\AppData\Local\Microsoft\WindowsApps;C:\Program Files\sfdx\bin;
USERNAME=navin
OS=Windows_NT
PROCESSOR_IDENTIFIER=Intel64 Family 6 Model 140 Stepping 1, GenuineIntel



---------------  S Y S T E M  ---------------

OS:
 Windows 11 , 64 bit Build 22621 (10.0.22621.457)
OS uptime: 2 days 16:14 hours

CPU: total 4 (initial active 4) (2 cores per cpu, 2 threads per core) family 6 model 140 stepping 1 microcode 0x86, cx8, cmov, fxsr, ht, mmx, 3dnowpref, sse, sse2, sse3, ssse3, sse4.1, sse4.2, popcnt, lzcnt, tsc, tscinvbit, avx, avx2, aes, erms, clmul, bmi1, bmi2, adx, avx512f, avx512dq, avx512cd, avx512bw, avx512vl, sha, fma, vzeroupper, avx512_vpopcntdq, avx512_vpclmulqdq, avx512_vaes, avx512_vnni, clflush, clflushopt, clwb, avx512_vbmi2, avx512_vbmi

Memory: 4k page, system-wide physical 7886M (1289M free)
TotalPageFile size 10689M (AvailPageFile size 2300M)
current process WorkingSet (physical memory assigned to process): 30M, peak: 186M
current process commit charge ("private bytes"): 232M, peak: 267M

vm_info: Java HotSpot(TM) 64-Bit Server VM (17.0.4.1+1-LTS-2) for windows-amd64 JRE (17.0.4.1+1-LTS-2), built on Aug 16 2022 18:32:06 by "mach5one" with MS VC++ 16.8 / 16.9 (VS2019)

END.
